<?xml version="1.0" encoding="UTF-8"?>
<!-- Generated by org.testng.reporters.JUnitXMLReporter -->
<testsuite ignored="0" hostname="DESKTOP-I3BGM4H" failures="0" tests="5" name="Default test" time="0.081" errors="0" timestamp="2023-12-12T02:11:43 IST">
  <testcase classname="TestingDemo.TestNgRegex" name="LoginAPICarLoan" time="0.013"/>
  <testcase classname="TestingDemo.TestNgRegex" name="MobileLoginCarLoan" time="0.001"/>
  <testcase classname="TestingDemo.TestNgRegex" name="MobileLoginHomeLoan" time="0.001"/>
  <testcase classname="TestingDemo.TestNgRegex" name="MobileLoginPersonalLoan" time="0.006"/>
  <testcase classname="TestingDemo.TestNgRegex" name="WebLoginCarLoan" time="0.001"/>
</testsuite> <!-- Default test -->
