<?xml version="1.0" encoding="UTF-8"?>
<!-- Generated by org.testng.reporters.JUnitXMLReporter -->
<testsuite ignored="0" hostname="DESKTOP-I3BGM4H" failures="0" tests="3" name="Test" time="19.664" errors="0" timestamp="2023-12-11T21:35:56 IST">
  <testcase classname="TestingDemo.CrossBrowserTest" name="verifyTitle" time="0.12"/>
  <testcase classname="TestingDemo.CrossBrowserTest" name="verifyLogo" time="0.17"/>
  <testcase classname="TestingDemo.CrossBrowserTest" name="verifyProductText" time="0.038"/>
</testsuite> <!-- Test -->
