<?xml version="1.0" encoding="UTF-8"?>
<!-- Generated by org.testng.reporters.JUnitXMLReporter -->
<testsuite ignored="0" hostname="DESKTOP-I3BGM4H" failures="0" tests="3" name="Test" time="21.654" errors="0" timestamp="2023-12-12T02:12:23 IST">
  <testcase classname="TestingDemo.CrossBrowserTest" name="verifyTitle" time="0.023"/>
  <testcase classname="TestingDemo.CrossBrowserTest" name="verifyLogo" time="0.101"/>
  <testcase classname="TestingDemo.CrossBrowserTest" name="verifyProductText" time="0.05"/>
</testsuite> <!-- Test -->
