<?xml version="1.0" encoding="UTF-8"?>
<testng-results ignored="0" total="5" passed="5" failed="0" skipped="0">
  <reporter-output>
  </reporter-output>
  <suite started-at="2023-12-11T21:42:14 IST" name="Default suite" finished-at="2023-12-11T21:42:14 IST" duration-ms="88">
    <groups>
    </groups>
    <test started-at="2023-12-11T21:42:14 IST" name="Default test" finished-at="2023-12-11T21:42:14 IST" duration-ms="88">
      <class name="TestingDemo.TestNgRegex">
        <test-method signature="LoginAPICarLoan()[pri:0, instance:TestingDemo.TestNgRegex@4de4b452]" started-at="2023-12-11T21:42:14 IST" name="LoginAPICarLoan" finished-at="2023-12-11T21:42:14 IST" duration-ms="9" status="PASS">
          <reporter-output>
          </reporter-output>
        </test-method> <!-- LoginAPICarLoan -->
        <test-method signature="MobileLoginCarLoan()[pri:0, instance:TestingDemo.TestNgRegex@4de4b452]" started-at="2023-12-11T21:42:14 IST" name="MobileLoginCarLoan" finished-at="2023-12-11T21:42:14 IST" duration-ms="2" status="PASS">
          <reporter-output>
          </reporter-output>
        </test-method> <!-- MobileLoginCarLoan -->
        <test-method signature="MobileLoginHomeLoan()[pri:0, instance:TestingDemo.TestNgRegex@4de4b452]" started-at="2023-12-11T21:42:14 IST" name="MobileLoginHomeLoan" finished-at="2023-12-11T21:42:14 IST" duration-ms="1" status="PASS">
          <reporter-output>
          </reporter-output>
        </test-method> <!-- MobileLoginHomeLoan -->
        <test-method signature="MobileLoginPersonalLoan()[pri:0, instance:TestingDemo.TestNgRegex@4de4b452]" started-at="2023-12-11T21:42:14 IST" name="MobileLoginPersonalLoan" finished-at="2023-12-11T21:42:14 IST" duration-ms="6" status="PASS">
          <reporter-output>
          </reporter-output>
        </test-method> <!-- MobileLoginPersonalLoan -->
        <test-method signature="WebLoginCarLoan()[pri:0, instance:TestingDemo.TestNgRegex@4de4b452]" started-at="2023-12-11T21:42:14 IST" name="WebLoginCarLoan" finished-at="2023-12-11T21:42:14 IST" duration-ms="2" status="PASS">
          <reporter-output>
          </reporter-output>
        </test-method> <!-- WebLoginCarLoan -->
      </class> <!-- TestingDemo.TestNgRegex -->
    </test> <!-- Default test -->
  </suite> <!-- Default suite -->
</testng-results>
