<?xml version="1.0" encoding="UTF-8"?>
<testng-results ignored="0" total="3" passed="3" failed="0" skipped="0">
  <reporter-output>
  </reporter-output>
  <suite started-at="2023-12-12T02:12:01 IST" name="Suite" finished-at="2023-12-12T02:12:23 IST" duration-ms="21654">
    <groups>
    </groups>
    <test started-at="2023-12-12T02:12:01 IST" name="Test" finished-at="2023-12-12T02:12:23 IST" duration-ms="21654">
      <class name="TestingDemo.CrossBrowserTest">
        <test-method is-config="true" signature="setup(java.lang.String)[pri:0, instance:TestingDemo.CrossBrowserTest@483f6d77]" started-at="2023-12-12T02:12:01 IST" name="setup" finished-at="2023-12-12T02:12:11 IST" duration-ms="10539" status="PASS">
          <params>
            <param index="0">
              <value>
                <![CDATA[chrome]]>
              </value>
            </param>
          </params>
          <reporter-output>
          </reporter-output>
        </test-method> <!-- setup -->
        <test-method signature="verifyTitle()[pri:1, instance:TestingDemo.CrossBrowserTest@483f6d77]" started-at="2023-12-12T02:12:11 IST" name="verifyTitle" finished-at="2023-12-12T02:12:12 IST" duration-ms="23" status="PASS">
          <reporter-output>
          </reporter-output>
        </test-method> <!-- verifyTitle -->
        <test-method is-config="true" signature="tearDown()[pri:0, instance:TestingDemo.CrossBrowserTest@483f6d77]" started-at="2023-12-12T02:12:12 IST" name="tearDown" finished-at="2023-12-12T02:12:12 IST" duration-ms="359" status="PASS">
          <reporter-output>
          </reporter-output>
        </test-method> <!-- tearDown -->
        <test-method is-config="true" signature="setup(java.lang.String)[pri:0, instance:TestingDemo.CrossBrowserTest@483f6d77]" started-at="2023-12-12T02:12:12 IST" name="setup" finished-at="2023-12-12T02:12:17 IST" duration-ms="5152" status="PASS">
          <params>
            <param index="0">
              <value>
                <![CDATA[chrome]]>
              </value>
            </param>
          </params>
          <reporter-output>
          </reporter-output>
        </test-method> <!-- setup -->
        <test-method signature="verifyLogo()[pri:2, instance:TestingDemo.CrossBrowserTest@483f6d77]" started-at="2023-12-12T02:12:17 IST" name="verifyLogo" finished-at="2023-12-12T02:12:17 IST" duration-ms="101" status="PASS">
          <reporter-output>
          </reporter-output>
        </test-method> <!-- verifyLogo -->
        <test-method is-config="true" signature="tearDown()[pri:0, instance:TestingDemo.CrossBrowserTest@483f6d77]" started-at="2023-12-12T02:12:17 IST" name="tearDown" finished-at="2023-12-12T02:12:18 IST" duration-ms="498" status="PASS">
          <reporter-output>
          </reporter-output>
        </test-method> <!-- tearDown -->
        <test-method is-config="true" signature="setup(java.lang.String)[pri:0, instance:TestingDemo.CrossBrowserTest@483f6d77]" started-at="2023-12-12T02:12:18 IST" name="setup" finished-at="2023-12-12T02:12:22 IST" duration-ms="4289" status="PASS">
          <params>
            <param index="0">
              <value>
                <![CDATA[chrome]]>
              </value>
            </param>
          </params>
          <reporter-output>
          </reporter-output>
        </test-method> <!-- setup -->
        <test-method signature="verifyProductText()[pri:3, instance:TestingDemo.CrossBrowserTest@483f6d77]" started-at="2023-12-12T02:12:22 IST" name="verifyProductText" finished-at="2023-12-12T02:12:22 IST" duration-ms="50" status="PASS">
          <reporter-output>
          </reporter-output>
        </test-method> <!-- verifyProductText -->
        <test-method is-config="true" signature="tearDown()[pri:0, instance:TestingDemo.CrossBrowserTest@483f6d77]" started-at="2023-12-12T02:12:22 IST" name="tearDown" finished-at="2023-12-12T02:12:23 IST" duration-ms="569" status="PASS">
          <reporter-output>
          </reporter-output>
        </test-method> <!-- tearDown -->
      </class> <!-- TestingDemo.CrossBrowserTest -->
    </test> <!-- Test -->
  </suite> <!-- Suite -->
</testng-results>
