<?xml version="1.0" encoding="UTF-8"?>
<!-- Generated by org.testng.reporters.JUnitXMLReporter -->
<testsuite ignored="0" hostname="DESKTOP-I3BGM4H" failures="0" tests="3" name="ChromeTest" time="21.963" errors="0" timestamp="2023-12-11T21:29:59 IST">
  <testcase classname="TestingDemo.CrossBrowserTest" name="testExample" time="0.033"/>
  <testcase classname="TestingDemo.CrossBrowserTest" name="verifyLogo" time="0.061"/>
  <testcase classname="TestingDemo.CrossBrowserTest" name="nameDrpdowEnable" time="0.047"/>
</testsuite> <!-- ChromeTest -->
